+ mkdir -p /«BREWDIR»/wheezy/rootfs
+ debootstrap --variant=minbase --components=main --include=inetutils-ping,iproute --force-check-gpg wheezy /«BREWDIR»/wheezy/rootfs http://deb.debian.org/debian
I: Retrieving InRelease 
I: Retrieving Release 
I: Retrieving Release.gpg 
I: Checking Release signature
I: Valid Release signature (key id ED6D65271AACF0FF15D123036FB2A1C265FFB764)
I: Retrieving Packages 
I: Validating Packages 
I: Resolving dependencies of required packages...
I: Resolving dependencies of base packages...
I: Found additional required dependencies: insserv libbz2-1.0 libdb5.1 libsemanage-common libsemanage1 libslang2 libustr-1.0-1 
I: Found additional base dependencies: debian-archive-keyring gnupg gpgv libapt-pkg4.12 libreadline6 libstdc++6 libusb-0.1-4 netbase readline-common 
I: Checking component main on http://deb.debian.org/debian...
I: Retrieving libacl1 2.2.51-8
I: Validating libacl1 2.2.51-8
I: Retrieving apt 0.9.7.9+deb7u7
I: Validating apt 0.9.7.9+deb7u7
I: Retrieving libapt-pkg4.12 0.9.7.9+deb7u7
I: Validating libapt-pkg4.12 0.9.7.9+deb7u7
I: Retrieving libattr1 1:2.4.46-8
I: Validating libattr1 1:2.4.46-8
I: Retrieving base-files 7.1wheezy11
I: Validating base-files 7.1wheezy11
I: Retrieving base-passwd 3.5.26
I: Validating base-passwd 3.5.26
I: Retrieving bash 4.2+dfsg-0.1+deb7u3
I: Validating bash 4.2+dfsg-0.1+deb7u3
I: Retrieving libbz2-1.0 1.0.6-4
I: Validating libbz2-1.0 1.0.6-4
I: Retrieving coreutils 8.13-3.5
I: Validating coreutils 8.13-3.5
I: Retrieving dash 0.5.7-3
I: Validating dash 0.5.7-3
I: Retrieving libdb5.1 5.1.29-5
I: Validating libdb5.1 5.1.29-5
I: Retrieving debconf 1.5.49
I: Validating debconf 1.5.49
I: Retrieving debconf-i18n 1.5.49
I: Validating debconf-i18n 1.5.49
I: Retrieving debian-archive-keyring 2014.3~deb7u1
I: Validating debian-archive-keyring 2014.3~deb7u1
I: Retrieving debianutils 4.3.2
I: Validating debianutils 4.3.2
I: Retrieving diffutils 1:3.2-6
I: Validating diffutils 1:3.2-6
I: Retrieving dpkg 1.16.18
I: Validating dpkg 1.16.18
I: Retrieving e2fslibs 1.42.5-1.1+deb7u1
I: Validating e2fslibs 1.42.5-1.1+deb7u1
I: Retrieving e2fsprogs 1.42.5-1.1+deb7u1
I: Validating e2fsprogs 1.42.5-1.1+deb7u1
I: Retrieving libcomerr2 1.42.5-1.1+deb7u1
I: Validating libcomerr2 1.42.5-1.1+deb7u1
I: Retrieving libss2 1.42.5-1.1+deb7u1
I: Validating libss2 1.42.5-1.1+deb7u1
I: Retrieving libc-bin 2.13-38+deb7u10
I: Validating libc-bin 2.13-38+deb7u10
I: Retrieving libc6 2.13-38+deb7u10
I: Validating libc6 2.13-38+deb7u10
I: Retrieving multiarch-support 2.13-38+deb7u10
I: Validating multiarch-support 2.13-38+deb7u10
I: Retrieving findutils 4.4.2-4
I: Validating findutils 4.4.2-4
I: Retrieving gcc-4.7-base 4.7.2-5
I: Validating gcc-4.7-base 4.7.2-5
I: Retrieving libgcc1 1:4.7.2-5
I: Validating libgcc1 1:4.7.2-5
I: Retrieving libstdc++6 4.7.2-5
I: Validating libstdc++6 4.7.2-5
I: Retrieving gnupg 1.4.12-7+deb7u7
I: Validating gnupg 1.4.12-7+deb7u7
I: Retrieving gpgv 1.4.12-7+deb7u7
I: Validating gpgv 1.4.12-7+deb7u7
I: Retrieving grep 2.12-2
I: Validating grep 2.12-2
I: Retrieving gzip 1.5-1.1
I: Validating gzip 1.5-1.1
I: Retrieving hostname 3.11
I: Validating hostname 3.11
I: Retrieving inetutils-ping 2:1.9-2
I: Validating inetutils-ping 2:1.9-2
I: Retrieving insserv 1.14.0-5
I: Validating insserv 1.14.0-5
I: Retrieving iproute 20120521-3+b3
I: Validating iproute 20120521-3+b3
I: Retrieving liblocale-gettext-perl 1.05-7+b1
I: Validating liblocale-gettext-perl 1.05-7+b1
I: Retrieving libselinux1 2.1.9-5
I: Validating libselinux1 2.1.9-5
I: Retrieving libsemanage-common 2.1.6-6
I: Validating libsemanage-common 2.1.6-6
I: Retrieving libsemanage1 2.1.6-6
I: Validating libsemanage1 2.1.6-6
I: Retrieving libsepol1 2.1.4-3
I: Validating libsepol1 2.1.4-3
I: Retrieving libtext-charwidth-perl 0.04-7+b1
I: Validating libtext-charwidth-perl 0.04-7+b1
I: Retrieving libtext-iconv-perl 1.7-5
I: Validating libtext-iconv-perl 1.7-5
I: Retrieving libtext-wrapi18n-perl 0.06-7
I: Validating libtext-wrapi18n-perl 0.06-7
I: Retrieving libusb-0.1-4 2:0.1.12-20+nmu1
I: Validating libusb-0.1-4 2:0.1.12-20+nmu1
I: Retrieving lsb-base 4.1+Debian8+deb7u1
I: Validating lsb-base 4.1+Debian8+deb7u1
I: Retrieving mawk 1.3.3-17
I: Validating mawk 1.3.3-17
I: Retrieving libncurses5 5.9-10
I: Validating libncurses5 5.9-10
I: Retrieving libtinfo5 5.9-10
I: Validating libtinfo5 5.9-10
I: Retrieving ncurses-base 5.9-10
I: Validating ncurses-base 5.9-10
I: Retrieving ncurses-bin 5.9-10
I: Validating ncurses-bin 5.9-10
I: Retrieving netbase 5.0
I: Validating netbase 5.0
I: Retrieving libpam-modules 1.1.3-7.1
I: Validating libpam-modules 1.1.3-7.1
I: Retrieving libpam-modules-bin 1.1.3-7.1
I: Validating libpam-modules-bin 1.1.3-7.1
I: Retrieving libpam-runtime 1.1.3-7.1
I: Validating libpam-runtime 1.1.3-7.1
I: Retrieving libpam0g 1.1.3-7.1
I: Validating libpam0g 1.1.3-7.1
I: Retrieving perl-base 5.14.2-21+deb7u3
I: Validating perl-base 5.14.2-21+deb7u3
I: Retrieving libreadline6 6.2+dfsg-0.1
I: Validating libreadline6 6.2+dfsg-0.1
I: Retrieving readline-common 6.2+dfsg-0.1
I: Validating readline-common 6.2+dfsg-0.1
I: Retrieving sed 4.2.1-10
I: Validating sed 4.2.1-10
I: Retrieving sensible-utils 0.0.7
I: Validating sensible-utils 0.0.7
I: Retrieving login 1:4.1.5.1-1
I: Validating login 1:4.1.5.1-1
I: Retrieving passwd 1:4.1.5.1-1
I: Validating passwd 1:4.1.5.1-1
I: Retrieving libslang2 2.2.4-15
I: Validating libslang2 2.2.4-15
I: Retrieving initscripts 2.88dsf-41+deb7u1
I: Validating initscripts 2.88dsf-41+deb7u1
I: Retrieving sysv-rc 2.88dsf-41+deb7u1
I: Validating sysv-rc 2.88dsf-41+deb7u1
I: Retrieving sysvinit 2.88dsf-41+deb7u1
I: Validating sysvinit 2.88dsf-41+deb7u1
I: Retrieving sysvinit-utils 2.88dsf-41+deb7u1
I: Validating sysvinit-utils 2.88dsf-41+deb7u1
I: Retrieving tar 1.26+dfsg-0.1
I: Validating tar 1.26+dfsg-0.1
I: Retrieving tzdata 2016d-0+deb7u1
I: Validating tzdata 2016d-0+deb7u1
I: Retrieving libustr-1.0-1 1.0.4-3
I: Validating libustr-1.0-1 1.0.4-3
I: Retrieving bsdutils 1:2.20.1-5.3
I: Validating bsdutils 1:2.20.1-5.3
I: Retrieving libblkid1 2.20.1-5.3
I: Validating libblkid1 2.20.1-5.3
I: Retrieving libmount1 2.20.1-5.3
I: Validating libmount1 2.20.1-5.3
I: Retrieving libuuid1 2.20.1-5.3
I: Validating libuuid1 2.20.1-5.3
I: Retrieving mount 2.20.1-5.3
I: Validating mount 2.20.1-5.3
I: Retrieving util-linux 2.20.1-5.3
I: Validating util-linux 2.20.1-5.3
I: Retrieving liblzma5 5.1.1alpha+20120614-2
I: Validating liblzma5 5.1.1alpha+20120614-2
I: Retrieving xz-utils 5.1.1alpha+20120614-2
I: Validating xz-utils 5.1.1alpha+20120614-2
I: Retrieving zlib1g 1:1.2.7.dfsg-13
I: Validating zlib1g 1:1.2.7.dfsg-13
I: Chosen extractor for .deb packages: dpkg-deb
I: Extracting libacl1...
I: Extracting libattr1...
I: Extracting base-files...
I: Extracting base-passwd...
I: Extracting bash...
I: Extracting libbz2-1.0...
I: Extracting coreutils...
I: Extracting dash...
I: Extracting libdb5.1...
I: Extracting debconf...
I: Extracting debconf-i18n...
I: Extracting debianutils...
I: Extracting diffutils...
I: Extracting dpkg...
I: Extracting e2fslibs...
I: Extracting e2fsprogs...
I: Extracting libcomerr2...
I: Extracting libss2...
I: Extracting libc-bin...
I: Extracting libc6...
I: Extracting multiarch-support...
I: Extracting findutils...
I: Extracting gcc-4.7-base...
I: Extracting libgcc1...
I: Extracting grep...
I: Extracting gzip...
I: Extracting hostname...
I: Extracting insserv...
I: Extracting liblocale-gettext-perl...
I: Extracting libselinux1...
I: Extracting libsemanage-common...
I: Extracting libsemanage1...
I: Extracting libsepol1...
I: Extracting libtext-charwidth-perl...
I: Extracting libtext-iconv-perl...
I: Extracting libtext-wrapi18n-perl...
I: Extracting lsb-base...
I: Extracting mawk...
I: Extracting libncurses5...
I: Extracting libtinfo5...
I: Extracting ncurses-base...
I: Extracting ncurses-bin...
I: Extracting libpam-modules...
I: Extracting libpam-modules-bin...
I: Extracting libpam-runtime...
I: Extracting libpam0g...
I: Extracting perl-base...
I: Extracting sed...
I: Extracting sensible-utils...
I: Extracting login...
I: Extracting passwd...
I: Extracting libslang2...
I: Extracting initscripts...
I: Extracting sysv-rc...
I: Extracting sysvinit...
I: Extracting sysvinit-utils...
I: Extracting tar...
I: Extracting tzdata...
I: Extracting libustr-1.0-1...
I: Extracting bsdutils...
I: Extracting libblkid1...
I: Extracting libmount1...
I: Extracting libuuid1...
I: Extracting mount...
I: Extracting util-linux...
I: Extracting liblzma5...
I: Extracting xz-utils...
I: Extracting zlib1g...
I: Installing core packages...
I: Unpacking required packages...
I: Unpacking libacl1:amd64...
I: Unpacking libattr1:amd64...
I: Unpacking base-files...
I: Unpacking base-passwd...
I: Unpacking bash...
I: Unpacking libbz2-1.0:amd64...
I: Unpacking coreutils...
I: Unpacking dash...
I: Unpacking libdb5.1:amd64...
I: Unpacking debconf...
I: Unpacking debconf-i18n...
I: Unpacking debianutils...
I: Unpacking diffutils...
I: Unpacking dpkg...
I: Unpacking e2fslibs:amd64...
I: Unpacking e2fsprogs...
I: Unpacking libcomerr2:amd64...
I: Unpacking libss2:amd64...
I: Unpacking libc-bin...
I: Unpacking libc6:amd64...
I: Unpacking multiarch-support...
I: Unpacking findutils...
I: Unpacking gcc-4.7-base:amd64...
I: Unpacking libgcc1:amd64...
I: Unpacking grep...
I: Unpacking gzip...
I: Unpacking hostname...
I: Unpacking insserv...
I: Unpacking liblocale-gettext-perl...
I: Unpacking libselinux1:amd64...
I: Unpacking libsemanage-common...
I: Unpacking libsemanage1:amd64...
I: Unpacking libsepol1:amd64...
I: Unpacking libtext-charwidth-perl...
I: Unpacking libtext-iconv-perl...
I: Unpacking libtext-wrapi18n-perl...
I: Unpacking lsb-base...
I: Unpacking mawk...
I: Unpacking libncurses5:amd64...
I: Unpacking libtinfo5:amd64...
I: Unpacking ncurses-base...
I: Unpacking ncurses-bin...
I: Unpacking libpam-modules:amd64...
I: Unpacking libpam-modules-bin...
I: Unpacking libpam-runtime...
I: Unpacking libpam0g:amd64...
I: Unpacking perl-base...
I: Unpacking sed...
I: Unpacking sensible-utils...
I: Unpacking login...
I: Unpacking passwd...
I: Unpacking libslang2:amd64...
I: Unpacking initscripts...
I: Unpacking sysv-rc...
I: Unpacking sysvinit...
I: Unpacking sysvinit-utils...
I: Unpacking tar...
I: Unpacking tzdata...
I: Unpacking libustr-1.0-1:amd64...
I: Unpacking bsdutils...
I: Unpacking libblkid1:amd64...
I: Unpacking libmount1...
I: Unpacking libuuid1:amd64...
I: Unpacking mount...
I: Unpacking util-linux...
I: Unpacking liblzma5:amd64...
I: Unpacking xz-utils...
I: Unpacking zlib1g:amd64...
I: Configuring required packages...
I: Configuring lsb-base...
I: Configuring ncurses-base...
I: Configuring sensible-utils...
I: Configuring libsemanage-common...
I: Configuring gcc-4.7-base:amd64...
I: Configuring libc-bin...
I: Configuring libc6:amd64...
I: Configuring debianutils...
I: Configuring bsdutils...
I: Configuring tar...
I: Configuring base-passwd...
I: Configuring mawk...
I: Configuring hostname...
I: Configuring insserv...
I: Configuring multiarch-support...
I: Configuring libselinux1:amd64...
I: Configuring libustr-1.0-1:amd64...
I: Configuring libsepol1:amd64...
I: Configuring zlib1g:amd64...
I: Configuring libgcc1:amd64...
I: Configuring base-files...
I: Configuring libattr1:amd64...
I: Configuring e2fslibs:amd64...
I: Configuring libcomerr2:amd64...
I: Configuring libacl1:amd64...
I: Configuring libslang2:amd64...
I: Configuring libss2:amd64...
I: Configuring liblzma5:amd64...
I: Configuring libdb5.1:amd64...
I: Configuring libbz2-1.0:amd64...
I: Configuring libtinfo5:amd64...
I: Configuring sysvinit-utils...
I: Configuring ncurses-bin...
I: Configuring libsemanage1:amd64...
I: Configuring libncurses5:amd64...
I: Configuring xz-utils...
I: Configuring dpkg...
I: Configuring dash...
I: Configuring coreutils...
I: Configuring perl-base...
I: Configuring diffutils...
I: Configuring libtext-iconv-perl...
I: Configuring sed...
I: Configuring grep...
I: Configuring findutils...
I: Configuring gzip...
I: Configuring liblocale-gettext-perl...
I: Configuring bash...
I: Configuring libtext-charwidth-perl...
I: Configuring libtext-wrapi18n-perl...
I: Configuring debconf...
I: Configuring libpam0g:amd64...
I: Configuring sysv-rc...
I: Configuring tzdata...
I: Configuring debconf-i18n...
I: Configuring libpam-modules-bin...
I: Configuring libpam-modules:amd64...
I: Configuring passwd...
I: Configuring libpam-runtime...
I: Configuring login...
I: Configuring libuuid1:amd64...
I: Configuring libblkid1:amd64...
I: Configuring libmount1...
I: Configuring mount...
I: Configuring initscripts...
I: Configuring util-linux...
I: Configuring sysvinit...
I: Configuring e2fsprogs...
I: Unpacking the base system...
I: Unpacking apt...
I: Unpacking libapt-pkg4.12:amd64...
I: Unpacking debian-archive-keyring...
I: Unpacking libstdc++6:amd64...
I: Unpacking gnupg...
I: Unpacking gpgv...
I: Unpacking inetutils-ping...
I: Unpacking iproute...
I: Unpacking libusb-0.1-4:amd64...
I: Unpacking netbase...
I: Unpacking libreadline6:amd64...
I: Unpacking readline-common...
I: Configuring the base system...
I: Configuring gpgv...
I: Configuring libusb-0.1-4:amd64...
I: Configuring netbase...
I: Configuring iproute...
I: Configuring inetutils-ping...
I: Configuring debian-archive-keyring...
I: Configuring libstdc++6:amd64...
I: Configuring readline-common...
I: Configuring libapt-pkg4.12:amd64...
I: Configuring libreadline6:amd64...
I: Configuring gnupg...
I: Configuring apt...
I: Base system installed successfully.
+ echo exit 101 > '/«BREWDIR»/wheezy/rootfs/usr/sbin/policy-rc.d'
+ rootfs_chroot dpkg-divert --local --rename --add /sbin/initctl
+ PATH=/usr/local/sbin:/usr/local/bin:/usr/sbin:/usr/bin:/sbin:/bin
+ /bin/chroot /«BREWDIR»/wheezy/rootfs dpkg-divert --local --rename --add /sbin/initctl
Adding 'local diversion of /sbin/initctl to /sbin/initctl.distrib'
+ cp -a /«BREWDIR»/wheezy/rootfs/usr/sbin/policy-rc.d /«BREWDIR»/wheezy/rootfs/sbin/initctl
+ sed -i 's/^exit.*/exit 0/' /«BREWDIR»/wheezy/rootfs/sbin/initctl
+ rootfs_chroot apt-get clean
+ PATH=/usr/local/sbin:/usr/local/bin:/usr/sbin:/usr/bin:/sbin:/bin
+ /bin/chroot /«BREWDIR»/wheezy/rootfs apt-get clean
+ echo force-unsafe-io > '/«BREWDIR»/wheezy/rootfs/etc/dpkg/dpkg.cfg.d/docker-apt-speedup'
+ cat > '/«BREWDIR»/wheezy/rootfs/etc/apt/apt.conf.d/docker-clean'
+ echo Acquire::Languages 'none' > '/«BREWDIR»/wheezy/rootfs/etc/apt/apt.conf.d/docker-no-languages'
+ echo Acquire::GzipIndexes 'true' > '/«BREWDIR»/wheezy/rootfs/etc/apt/apt.conf.d/docker-gzip-indexes'
+ echo Apt::AutoRemove::SuggestsImportant 'false' > '/«BREWDIR»/wheezy/rootfs/etc/apt/apt.conf.d/docker-autoremove-suggests'
+ sed -i '
						p;
						s/ wheezy / wheezy-updates /
					' /«BREWDIR»/wheezy/rootfs/etc/apt/sources.list
+ echo 'deb http://security.debian.org wheezy/updates main'
+ rootfs_chroot sh -xc 'apt-get update && apt-get dist-upgrade -y'
+ PATH=/usr/local/sbin:/usr/local/bin:/usr/sbin:/usr/bin:/sbin:/bin
+ /bin/chroot /«BREWDIR»/wheezy/rootfs sh -xc 'apt-get update && apt-get dist-upgrade -y'
+ apt-get update
Get:1 http://security.debian.org wheezy/updates Release.gpg [1554 B]
Get:2 http://security.debian.org wheezy/updates Release [39.0 kB]
Get:3 http://security.debian.org wheezy/updates/main amd64 Packages [668 kB]
Hit http://deb.debian.org wheezy Release.gpg
Get:4 http://deb.debian.org wheezy-updates Release.gpg [1554 B]
Hit http://deb.debian.org wheezy Release
Get:5 http://deb.debian.org wheezy-updates Release [155 kB]
Get:6 http://deb.debian.org wheezy/main amd64 Packages [7634 kB]
Get:7 http://deb.debian.org wheezy-updates/main amd64 Packages [7481 B]
Fetched 8506 kB in 2s (3245 kB/s)
Reading package lists...
+ apt-get dist-upgrade -y
Reading package lists...
Building dependency tree...
The following packages will be upgraded:
  bash gnupg gpgv libc-bin libc6 login multiarch-support passwd perl-base tar
  tzdata
11 upgraded, 0 newly installed, 0 to remove and 0 not upgraded.
Need to get 14.7 MB of archives.
After this operation, 1210 kB of additional disk space will be used.
Get:1 http://security.debian.org/ wheezy/updates/main bash amd64 4.2+dfsg-0.1+deb7u4 [1499 kB]
Get:2 http://security.debian.org/ wheezy/updates/main login amd64 1:4.1.5.1-1+deb7u1 [984 kB]
Get:3 http://security.debian.org/ wheezy/updates/main perl-base amd64 5.14.2-21+deb7u4 [1522 kB]
Get:4 http://security.debian.org/ wheezy/updates/main tar amd64 1.26+dfsg-0.1+deb7u1 [984 kB]
Get:5 http://security.debian.org/ wheezy/updates/main libc-bin amd64 2.13-38+deb7u11 [1275 kB]
Get:6 http://security.debian.org/ wheezy/updates/main libc6 amd64 2.13-38+deb7u11 [4352 kB]
Get:7 http://security.debian.org/ wheezy/updates/main gpgv amd64 1.4.12-7+deb7u8 [229 kB]
Get:8 http://security.debian.org/ wheezy/updates/main gnupg amd64 1.4.12-7+deb7u8 [1957 kB]
Get:9 http://security.debian.org/ wheezy/updates/main passwd amd64 1:4.1.5.1-1+deb7u1 [1262 kB]
Get:10 http://security.debian.org/ wheezy/updates/main tzdata all 2017b-0+deb7u1 [488 kB]
Get:11 http://security.debian.org/ wheezy/updates/main multiarch-support amd64 2.13-38+deb7u11 [152 kB]
perl: warning: Setting locale failed.
perl: warning: Please check that your locale settings:
	LANGUAGE = (unset),
	LC_ALL = (unset),
	LANG = "en_US.utf8"
    are supported and installed on your system.
perl: warning: Falling back to the standard locale ("C").
locale: Cannot set LC_CTYPE to default locale: No such file or directory
locale: Cannot set LC_MESSAGES to default locale: No such file or directory
locale: Cannot set LC_ALL to default locale: No such file or directory
debconf: delaying package configuration, since apt-utils is not installed
Fetched 14.7 MB in 9s (1512 kB/s)
Can not write log, openpty() failed (/dev/pts not mounted?)
(Reading database ... 6732 files and directories currently installed.)
Preparing to replace bash 4.2+dfsg-0.1+deb7u3 (using .../bash_4.2+dfsg-0.1+deb7u4_amd64.deb) ...
Unpacking replacement bash ...
Can not write log, openpty() failed (/dev/pts not mounted?)
Setting up bash (4.2+dfsg-0.1+deb7u4) ...
update-alternatives: using /usr/share/man/man7/bash-builtins.7.gz to provide /usr/share/man/man7/builtins.7.gz (builtins.7.gz) in auto mode
Can not write log, openpty() failed (/dev/pts not mounted?)
(Reading database ... 6732 files and directories currently installed.)
Preparing to replace login 1:4.1.5.1-1 (using .../login_1%3a4.1.5.1-1+deb7u1_amd64.deb) ...
Unpacking replacement login ...
Can not write log, openpty() failed (/dev/pts not mounted?)
Setting up login (1:4.1.5.1-1+deb7u1) ...
Can not write log, openpty() failed (/dev/pts not mounted?)
(Reading database ... 6732 files and directories currently installed.)
Preparing to replace perl-base 5.14.2-21+deb7u3 (using .../perl-base_5.14.2-21+deb7u4_amd64.deb) ...
Unpacking replacement perl-base ...
Can not write log, openpty() failed (/dev/pts not mounted?)
Setting up perl-base (5.14.2-21+deb7u4) ...
Can not write log, openpty() failed (/dev/pts not mounted?)
(Reading database ... 6732 files and directories currently installed.)
Preparing to replace tar 1.26+dfsg-0.1 (using .../tar_1.26+dfsg-0.1+deb7u1_amd64.deb) ...
Unpacking replacement tar ...
Can not write log, openpty() failed (/dev/pts not mounted?)
Setting up tar (1.26+dfsg-0.1+deb7u1) ...
Can not write log, openpty() failed (/dev/pts not mounted?)
(Reading database ... 6732 files and directories currently installed.)
Preparing to replace libc-bin 2.13-38+deb7u10 (using .../libc-bin_2.13-38+deb7u11_amd64.deb) ...
Unpacking replacement libc-bin ...
Can not write log, openpty() failed (/dev/pts not mounted?)
Setting up libc-bin (2.13-38+deb7u11) ...
Can not write log, openpty() failed (/dev/pts not mounted?)
(Reading database ... 6732 files and directories currently installed.)
Preparing to replace libc6:amd64 2.13-38+deb7u10 (using .../libc6_2.13-38+deb7u11_amd64.deb) ...
debconf: unable to initialize frontend: Dialog
debconf: (No usable dialog-like program is installed, so the dialog based frontend cannot be used. at /usr/share/perl5/Debconf/FrontEnd/Dialog.pm line 76.)
debconf: falling back to frontend: Readline
debconf: unable to initialize frontend: Readline
debconf: (Can't locate Term/ReadLine.pm in @INC (@INC contains: /etc/perl /usr/local/lib/perl/5.14.2 /usr/local/share/perl/5.14.2 /usr/lib/perl5 /usr/share/perl5 /usr/lib/perl/5.14 /usr/share/perl/5.14 /usr/local/lib/site_perl .) at /usr/share/perl5/Debconf/FrontEnd/Readline.pm line 7.)
debconf: falling back to frontend: Teletype
Unpacking replacement libc6:amd64 ...
Can not write log, openpty() failed (/dev/pts not mounted?)
Setting up libc6:amd64 (2.13-38+deb7u11) ...
debconf: unable to initialize frontend: Dialog
debconf: (No usable dialog-like program is installed, so the dialog based frontend cannot be used. at /usr/share/perl5/Debconf/FrontEnd/Dialog.pm line 76.)
debconf: falling back to frontend: Readline
debconf: unable to initialize frontend: Readline
debconf: (Can't locate Term/ReadLine.pm in @INC (@INC contains: /etc/perl /usr/local/lib/perl/5.14.2 /usr/local/share/perl/5.14.2 /usr/lib/perl5 /usr/share/perl5 /usr/lib/perl/5.14 /usr/share/perl/5.14 /usr/local/lib/site_perl .) at /usr/share/perl5/Debconf/FrontEnd/Readline.pm line 7.)
debconf: falling back to frontend: Teletype
Can not write log, openpty() failed (/dev/pts not mounted?)
(Reading database ... 6732 files and directories currently installed.)
Preparing to replace gpgv 1.4.12-7+deb7u7 (using .../gpgv_1.4.12-7+deb7u8_amd64.deb) ...
Unpacking replacement gpgv ...
Can not write log, openpty() failed (/dev/pts not mounted?)
Setting up gpgv (1.4.12-7+deb7u8) ...
Can not write log, openpty() failed (/dev/pts not mounted?)
(Reading database ... 6732 files and directories currently installed.)
Preparing to replace gnupg 1.4.12-7+deb7u7 (using .../gnupg_1.4.12-7+deb7u8_amd64.deb) ...
Unpacking replacement gnupg ...
Can not write log, openpty() failed (/dev/pts not mounted?)
Setting up gnupg (1.4.12-7+deb7u8) ...
Can not write log, openpty() failed (/dev/pts not mounted?)
(Reading database ... 6732 files and directories currently installed.)
Preparing to replace passwd 1:4.1.5.1-1 (using .../passwd_1%3a4.1.5.1-1+deb7u1_amd64.deb) ...
Unpacking replacement passwd ...
Can not write log, openpty() failed (/dev/pts not mounted?)
Setting up passwd (1:4.1.5.1-1+deb7u1) ...
Can not write log, openpty() failed (/dev/pts not mounted?)
(Reading database ... 6732 files and directories currently installed.)
Preparing to replace tzdata 2016d-0+deb7u1 (using .../tzdata_2017b-0+deb7u1_all.deb) ...
Unpacking replacement tzdata ...
Can not write log, openpty() failed (/dev/pts not mounted?)
Setting up tzdata (2017b-0+deb7u1) ...
debconf: unable to initialize frontend: Dialog
debconf: (No usable dialog-like program is installed, so the dialog based frontend cannot be used. at /usr/share/perl5/Debconf/FrontEnd/Dialog.pm line 76.)
debconf: falling back to frontend: Readline
debconf: unable to initialize frontend: Readline
debconf: (Can't locate Term/ReadLine.pm in @INC (@INC contains: /etc/perl /usr/local/lib/perl/5.14.2 /usr/local/share/perl/5.14.2 /usr/lib/perl5 /usr/share/perl5 /usr/lib/perl/5.14 /usr/share/perl/5.14 /usr/local/lib/site_perl .) at /usr/share/perl5/Debconf/FrontEnd/Readline.pm line 7.)
debconf: falling back to frontend: Teletype

Current default time zone: 'Etc/UTC'
Local time is now:      Mon May  8 22:00:44 UTC 2017.
Universal Time is now:  Mon May  8 22:00:44 UTC 2017.
Run 'dpkg-reconfigure tzdata' if you wish to change it.

Can not write log, openpty() failed (/dev/pts not mounted?)
(Reading database ... 6747 files and directories currently installed.)
Preparing to replace multiarch-support 2.13-38+deb7u10 (using .../multiarch-support_2.13-38+deb7u11_amd64.deb) ...
Unpacking replacement multiarch-support ...
Can not write log, openpty() failed (/dev/pts not mounted?)
Setting up multiarch-support (2.13-38+deb7u11) ...
+ rm -rf /«BREWDIR»/wheezy/rootfs/var/lib/apt/lists/deb.debian.org_debian_dists_wheezy_main_binary-amd64_Packages.gz /«BREWDIR»/wheezy/rootfs/var/lib/apt/lists/deb.debian.org_debian_dists_wheezy_Release /«BREWDIR»/wheezy/rootfs/var/lib/apt/lists/deb.debian.org_debian_dists_wheezy_Release.gpg /«BREWDIR»/wheezy/rootfs/var/lib/apt/lists/deb.debian.org_debian_dists_wheezy-updates_main_binary-amd64_Packages.gz /«BREWDIR»/wheezy/rootfs/var/lib/apt/lists/deb.debian.org_debian_dists_wheezy-updates_Release /«BREWDIR»/wheezy/rootfs/var/lib/apt/lists/deb.debian.org_debian_dists_wheezy-updates_Release.gpg /«BREWDIR»/wheezy/rootfs/var/lib/apt/lists/lock /«BREWDIR»/wheezy/rootfs/var/lib/apt/lists/partial /«BREWDIR»/wheezy/rootfs/var/lib/apt/lists/security.debian.org_dists_wheezy_updates_main_binary-amd64_Packages.gz /«BREWDIR»/wheezy/rootfs/var/lib/apt/lists/security.debian.org_dists_wheezy_updates_Release /«BREWDIR»/wheezy/rootfs/var/lib/apt/lists/security.debian.org_dists_wheezy_updates_Release.gpg
+ mkdir /«BREWDIR»/wheezy/rootfs/var/lib/apt/lists/partial
+ tar --numeric-owner --create --auto-compress --file /«BREWDIR»/wheezy/rootfs.tar.xz --directory /«BREWDIR»/wheezy/rootfs '--transform=s,^./,,' .
+ cat > '/«BREWDIR»/wheezy/Dockerfile'
+ echo 'CMD ["/bin/bash"]'
+ /«MKIMAGEDIR»/mkimage/../nuke-graph-directory.sh /«BREWDIR»/wheezy/rootfs

Nuking /«BREWDIR»/wheezy/rootfs ...
  (if this is wrong, press Ctrl+C NOW!)

+ sleep 10

+ rm -rf /«BREWDIR»/wheezy/rootfs/bin /«BREWDIR»/wheezy/rootfs/boot /«BREWDIR»/wheezy/rootfs/dev /«BREWDIR»/wheezy/rootfs/etc /«BREWDIR»/wheezy/rootfs/home /«BREWDIR»/wheezy/rootfs/lib /«BREWDIR»/wheezy/rootfs/lib64 /«BREWDIR»/wheezy/rootfs/media /«BREWDIR»/wheezy/rootfs/mnt /«BREWDIR»/wheezy/rootfs/opt /«BREWDIR»/wheezy/rootfs/proc /«BREWDIR»/wheezy/rootfs/root /«BREWDIR»/wheezy/rootfs/run /«BREWDIR»/wheezy/rootfs/sbin /«BREWDIR»/wheezy/rootfs/selinux /«BREWDIR»/wheezy/rootfs/srv /«BREWDIR»/wheezy/rootfs/sys /«BREWDIR»/wheezy/rootfs/tmp /«BREWDIR»/wheezy/rootfs/usr /«BREWDIR»/wheezy/rootfs/var
+ rm -rf /«BREWDIR»/wheezy/rootfs
